<?xml version="1.0" encoding="UTF-8"?>
<testng-results ignored="0" total="1" passed="1" failed="0" skipped="0">
  <reporter-output>
  </reporter-output>
  <suite started-at="2023-12-01T12:58:14 IST" name="ExtentReports" finished-at="2023-12-01T12:58:26 IST" duration-ms="11988">
    <groups>
    </groups>
    <test started-at="2023-12-01T12:58:14 IST" name="loginData" finished-at="2023-12-01T12:58:26 IST" duration-ms="11988">
      <class name="tests.LoginTest">
        <test-method is-config="true" signature="InitalizeExtentReport()[pri:0, instance:tests.LoginTest@402c4085]" started-at="2023-12-01T12:58:13 IST" name="InitalizeExtentReport" finished-at="2023-12-01T12:58:14 IST" duration-ms="566" status="PASS">
          <reporter-output>
          </reporter-output>
        </test-method> <!-- InitalizeExtentReport -->
        <test-method is-config="true" signature="getBrowser(org.testng.ITestContext)[pri:0, instance:tests.LoginTest@402c4085]" started-at="2023-12-01T12:58:14 IST" name="getBrowser" finished-at="2023-12-01T12:58:21 IST" duration-ms="7863" status="PASS">
          <params>
            <param index="0">
              <value>
                <![CDATA[org.testng.TestRunner@1a1ccaaf]]>
              </value>
            </param>
          </params>
          <reporter-output>
          </reporter-output>
        </test-method> <!-- getBrowser -->
        <test-method signature="testLogin(java.lang.String,java.lang.String)[pri:0, instance:tests.LoginTest@402c4085]" started-at="2023-12-01T12:58:23 IST" name="testLogin" data-provider="loginData" finished-at="2023-12-01T12:58:25 IST" duration-ms="2599" status="PASS">
          <params>
            <param index="0">
              <value>
                <![CDATA[Beena12@gmail.com]]>
              </value>
            </param>
            <param index="1">
              <value>
                <![CDATA[Beena123]]>
              </value>
            </param>
          </params>
          <reporter-output>
          </reporter-output>
        </test-method> <!-- testLogin -->
        <test-method is-config="true" signature="generateTestStatus(java.lang.reflect.Method,org.testng.ITestResult)[pri:0, instance:tests.LoginTest@402c4085]" started-at="2023-12-01T12:58:25 IST" name="generateTestStatus" finished-at="2023-12-01T12:58:25 IST" duration-ms="22" status="PASS">
          <params>
            <param index="0">
              <value>
                <![CDATA[public void tests.LoginTest.testLogin(java.lang.String,java.lang.String) throws java.io.IOException]]>
              </value>
            </param>
            <param index="1">
              <value>
                <![CDATA[[TestResult name=testLogin status=SUCCESS method=LoginTest.testLogin(java.lang.String,java.lang.String)[pri:0, instance:tests.LoginTest@402c4085] output={null}]]]>
              </value>
            </param>
          </params>
          <reporter-output>
          </reporter-output>
        </test-method> <!-- generateTestStatus -->
        <test-method is-config="true" signature="closebrowser()[pri:0, instance:tests.LoginTest@402c4085]" started-at="2023-12-01T12:58:25 IST" name="closebrowser" finished-at="2023-12-01T12:58:26 IST" duration-ms="375" status="PASS">
          <reporter-output>
          </reporter-output>
        </test-method> <!-- closebrowser -->
        <test-method is-config="true" signature="generateReports()[pri:0, instance:tests.LoginTest@402c4085]" started-at="2023-12-01T12:58:26 IST" name="generateReports" finished-at="2023-12-01T12:58:27 IST" duration-ms="1562" status="PASS">
          <reporter-output>
          </reporter-output>
        </test-method> <!-- generateReports -->
      </class> <!-- tests.LoginTest -->
    </test> <!-- loginData -->
  </suite> <!-- ExtentReports -->
</testng-results>
